[2025-07-13 18:10:42] [INFO    ] discord.client: logging in using static token
[2025-07-13 18:10:42] [DEBUG   ] discord.http: GET https://discord.com/api/v10/users/@me with None has returned 200
[2025-07-13 18:10:42] [DEBUG   ] discord.http: GET /users/@me has found its initial rate limit bucket hash (78bb8553d9352a5a2f89f9def401287a).
[2025-07-13 18:10:42] [DEBUG   ] discord.http: GET https://discord.com/api/v10/users/@me has received {'id': '1392892093902360626', 'username': 'bjhuygfrde56f7gyhu', 'avatar': None, 'discriminator': '2114', 'public_flags': 0, 'flags': 0, 'bot': True, 'banner': None, 'accent_color': None, 'global_name': None, 'avatar_decoration_data': None, 'collectibles': None, 'display_name_styles': None, 'banner_color': None, 'clan': None, 'primary_guild': None, 'mfa_enabled': False, 'locale': 'en-US', 'premium_type': 0, 'email': None, 'verified': True, 'bio': ''}
[2025-07-13 18:10:43] [DEBUG   ] discord.http: GET https://discord.com/api/v10/oauth2/applications/@me with None has returned 200
[2025-07-13 18:10:43] [DEBUG   ] discord.http: GET /oauth2/applications/@me has found its initial rate limit bucket hash (d28a133af187e91d71d96a223467ce49).
[2025-07-13 18:10:43] [DEBUG   ] discord.http: GET https://discord.com/api/v10/oauth2/applications/@me has received {'id': '1392892093902360626', 'name': 'lock in bot testing', 'icon': None, 'description': '', 'type': None, 'bot': {'id': '1392892093902360626', 'username': 'bjhuygfrde56f7gyhu', 'avatar': None, 'discriminator': '2114', 'public_flags': 0, 'flags': 0, 'bot': True, 'banner': None, 'accent_color': None, 'global_name': None, 'avatar_decoration_data': None, 'collectibles': None, 'display_name_styles': None, 'banner_color': None, 'clan': None, 'primary_guild': None}, 'summary': '', 'is_monetized': False, 'is_verified': False, 'is_discoverable': False, 'bot_public': True, 'bot_require_code_grant': False, 'install_params': {'scopes': ['applications.commands'], 'permissions': '0'}, 'integration_types_config': {'0': {'oauth2_install_params': {'scopes': ['applications.commands'], 'permissions': '0'}}, '1': {'oauth2_install_params': {'scopes': ['applications.commands'], 'permissions': '0'}}}, 'verify_key': '2a01abb6d44bf2c3737354dc12e5a464b231c61a73cdc9914f98c2ffd5352353', 'flags': 557056, 'hook': True, 'storefront_available': False, 'redirect_uris': [], 'interactions_endpoint_url': None, 'role_connections_verification_url': None, 'owner': {'id': '876561372354318396', 'username': 'jaydenpoopy', 'avatar': 'b00837b7231b2b6bad16216f95d385d9', 'discriminator': '0', 'public_flags': 64, 'flags': 64, 'banner': None, 'accent_color': 2893701, 'global_name': 'Jayden', 'avatar_decoration_data': None, 'collectibles': None, 'display_name_styles': None, 'banner_color': '#2c2785', 'clan': None, 'primary_guild': None}, 'approximate_guild_count': 0, 'approximate_user_install_count': 0, 'approximate_user_authorization_count': 0, 'interactions_event_types': [], 'interactions_version': 1, 'explicit_content_filter': 0, 'rpc_application_state': 0, 'store_application_state': 1, 'verification_state': 1, 'integration_public': True, 'integration_require_code_grant': False, 'discoverability_state': 1, 'discovery_eligibility_flags': 224, 'monetization_state': 1, 'verification_eligibility_flags': 91036, 'monetization_eligibility_flags': 181988, 'team': None, 'internal_guild_restriction': 2, 'approved_consoles': []}
[2025-07-13 18:10:43] [DEBUG   ] discord.gateway: Created websocket connected to wss://gateway.discord.gg/
[2025-07-13 18:10:43] [DEBUG   ] discord.gateway: For Shard ID None: WebSocket Event: {'t': None, 's': None, 'op': 10, 'd': {'heartbeat_interval': 41250, '_trace': ['["gateway-prd-us-east1-c-gmf8",{"micros":0.0}]']}}
[2025-07-13 18:10:43] [DEBUG   ] discord.gateway: Shard ID None has sent the IDENTIFY payload.
[2025-07-13 18:10:43] [DEBUG   ] discord.gateway: For Shard ID None: WebSocket Event: {'t': None, 's': None, 'op': 11, 'd': None}
[2025-07-13 18:10:43] [DEBUG   ] discord.gateway: For Shard ID None: WebSocket Event: {'t': 'READY', 's': 1, 'op': 0, 'd': {'v': 10, 'user_settings': {}, 'user': {'verified': True, 'username': 'bjhuygfrde56f7gyhu', 'primary_guild': None, 'mfa_enabled': False, 'id': '1392892093902360626', 'global_name': None, 'flags': 0, 'email': None, 'discriminator': '2114', 'clan': None, 'bot': True, 'avatar': None}, 'session_type': 'normal', 'session_id': '68f0f91be8766e199770a076c3920737', 'resume_gateway_url': 'wss://gateway-us-east1-c.discord.gg', 'relationships': [], 'private_channels': [], 'presences': [], 'guilds': [{'unavailable': True, 'id': '1394070193021649027'}], 'guild_join_requests': [], 'geo_ordered_rtc_regions': ['us-south', 'us-central', 'atlanta', 'us-east', 'us-west'], 'game_relationships': [], 'auth': {}, 'application': {'id': '1392892093902360626', 'flags': 557056}, '_trace': ['["gateway-prd-us-east1-c-gmf8",{"micros":87473,"calls":["id_created",{"micros":490,"calls":[]},"session_lookup_time",{"micros":409,"calls":[]},"session_lookup_finished",{"micros":23,"calls":[]},"discord-sessions-prd-2-23",{"micros":85881,"calls":["start_session",{"micros":76472,"calls":["discord-api-rpc-6b8c679576-hpkwm",{"micros":60272,"calls":["get_user",{"micros":5906},"get_guilds",{"micros":3278},"send_scheduled_deletion_message",{"micros":20},"guild_join_requests",{"micros":885},"authorized_ip_coro",{"micros":26},"pending_payments",{"micros":6845},"apex_experiments",{"micros":1106},"user_activities",{"micros":26},"played_application_ids",{"micros":5}]}]},"starting_guild_connect",{"micros":58,"calls":[]},"presence_started",{"micros":296,"calls":[]},"guilds_started",{"micros":74,"calls":[]},"lobbies_started",{"micros":1,"calls":[]},"guilds_connect",{"micros":1,"calls":[]},"presence_connect",{"micros":8959,"calls":[]},"connect_finished",{"micros":8963,"calls":[]},"build_ready",{"micros":15,"calls":[]},"clean_ready",{"micros":0,"calls":[]},"optimize_ready",{"micros":1,"calls":[]},"split_ready",{"micros":0,"calls":[]}]}]}]']}}
[2025-07-13 18:10:43] [DEBUG   ] discord.client: Dispatching event socket_event_type
[2025-07-13 18:10:43] [INFO    ] discord.gateway: Shard ID None has connected to Gateway (Session ID: 68f0f91be8766e199770a076c3920737).
[2025-07-13 18:10:43] [DEBUG   ] discord.client: Dispatching event connect
[2025-07-13 18:10:43] [DEBUG   ] discord.gateway: For Shard ID None: WebSocket Event: {'t': 'GUILD_CREATE', 's': 2, 'op': 0, 'd': {'banner': None, 'afk_channel_id': None, 'system_channel_flags': 0, 'stickers': [], 'channels': [{'version': 1752442634688, 'type': 4, 'position': 0, 'permission_overwrites': [], 'name': 'Text Channels', 'id': '1394070193021649028', 'flags': 0}, {'version': 1752442634699, 'type': 4, 'position': 0, 'permission_overwrites': [], 'name': 'Voice Channels', 'id': '1394070193478570054', 'flags': 0}, {'version': 1752442634707, 'type': 0, 'topic': None, 'rate_limit_per_user': 0, 'position': 0, 'permission_overwrites': [], 'parent_id': '1394070193021649028', 'name': 'general', 'last_message_id': '1394093536185552896', 'id': '1394070193478570055', 'icon_emoji': {'name': 'ðŸ‘‹', 'id': None}, 'flags': 0}, {'version': 1752442634713, 'user_limit': 0, 'type': 2, 'rtc_region': None, 'rate_limit_per_user': 0, 'position': 0, 'permission_overwrites': [], 'parent_id': '1394070193478570054', 'name': 'General', 'last_message_id': None, 'id': '1394070193478570056', 'icon_emoji': {'name': 'ðŸŽ™', 'id': None}, 'flags': 0, 'bitrate': 64000}], 'profile': None, 'hub_type': None, 'presences': [], 'members': [{'user': {'username': 'bjhuygfrde56f7gyhu', 'public_flags': 0, 'primary_guild': None, 'id': '1392892093902360626', 'global_name': None, 'display_name': None, 'discriminator': '2114', 'collectibles': None, 'bot': True, 'avatar_decoration_data': None, 'avatar': None}, 'roles': ['1394079072933515295'], 'premium_since': None, 'pending': False, 'nick': None, 'mute': False, 'joined_at': '2025-07-13T22:12:31.769718+00:00', 'flags': 0, 'deaf': False, 'communication_disabled_until': None, 'banner': None, 'avatar': None}], 'activity_instances': [], 'max_video_channel_users': 25, 'id': '1394070193021649027', 'name': "Jayden's server", 'inventory_settings': None, 'premium_subscription_count': 0, 'voice_states': [], 'member_count': 2, 'threads': [], 'preferred_locale': 'en-US', 'owner_id': '876561372354318396', 'guild_scheduled_events': [], 'rules_channel_id': None, 'vanity_url_code': None, 'soundboard_sounds': [], 'description': None, 'max_members': 2500000, 'nsfw': False, 'incidents_data': None, 'application_command_counts': {}, 'safety_alerts_channel_id': None, 'discovery_splash': None, 'joined_at': '2025-07-13T22:12:31.769718+00:00', 'verification_level': 0, 'region': 'deprecated', 'afk_timeout': 300, 'premium_progress_bar_enabled': False, 'splash': None, 'max_stage_video_channel_users': 50, 'mfa_level': 0, 'embedded_activities': [], 'features': [], 'latest_onboarding_question_id': None, 'stage_instances': [], 'roles': [{'version': 1752442634681, 'unicode_emoji': None, 'tags': {}, 'position': 0, 'permissions': '2248473465835073', 'name': '@everyone', 'mentionable': False, 'managed': False, 'id': '1394070193021649027', 'icon': None, 'hoist': False, 'flags': 0, 'colors': {'tertiary_color': None, 'secondary_color': None, 'primary_color': 0}, 'color': 0}, {'version': 1752444751752, 'unicode_emoji': None, 'tags': {'bot_id': '1392892093902360626'}, 'position': 1, 'permissions': '8', 'name': 'lock in bot testing', 'mentionable': False, 'managed': True, 'id': '1394079072933515295', 'icon': None, 'hoist': False, 'flags': 0, 'colors': {'tertiary_color': None, 'secondary_color': None, 'primary_color': 0}, 'color': 0}], 'large': False, 'default_message_notifications': 0, 'premium_tier': 0, 'system_channel_id': '1394070193478570055', 'nsfw_level': 0, 'unavailable': False, 'moderator_reporting': None, 'premium_features': None, 'owner_configured_content_level': 0, 'public_updates_channel_id': None, 'home_header': None, 'application_id': None, 'explicit_content_filter': 0, 'version': 1752442634719, 'emojis': [], 'lazy': True, 'icon': None}}
[2025-07-13 18:10:43] [DEBUG   ] discord.client: Dispatching event socket_event_type
[2025-07-13 18:10:43] [DEBUG   ] discord.gateway: For Shard ID None: WebSocket Event: {'t': 'GUILD_MEMBERS_CHUNK', 's': 3, 'op': 0, 'd': {'nonce': '497d9891cb293c86e04a5a5131267600', 'members': [{'user': {'username': 'jaydenpoopy', 'public_flags': 64, 'primary_guild': None, 'id': '876561372354318396', 'global_name': 'Jayden', 'display_name': 'Jayden', 'discriminator': '0', 'collectibles': None, 'bot': False, 'avatar_decoration_data': None, 'avatar': 'b00837b7231b2b6bad16216f95d385d9'}, 'roles': [], 'premium_since': None, 'pending': False, 'nick': None, 'mute': False, 'joined_at': '2025-07-13T21:37:14.607000+00:00', 'flags': 0, 'deaf': False, 'communication_disabled_until': None, 'banner': None, 'avatar': None}, {'user': {'username': 'bjhuygfrde56f7gyhu', 'public_flags': 0, 'primary_guild': None, 'id': '1392892093902360626', 'global_name': None, 'display_name': None, 'discriminator': '2114', 'collectibles': None, 'bot': True, 'avatar_decoration_data': None, 'avatar': None}, 'roles': ['1394079072933515295'], 'premium_since': None, 'pending': False, 'nick': None, 'mute': False, 'joined_at': '2025-07-13T22:12:31.769718+00:00', 'flags': 0, 'deaf': False, 'communication_disabled_until': None, 'banner': None, 'avatar': None}], 'guild_id': '1394070193021649027', 'chunk_index': 0, 'chunk_count': 1}}
[2025-07-13 18:10:43] [DEBUG   ] discord.client: Dispatching event socket_event_type
[2025-07-13 18:10:43] [DEBUG   ] discord.state: Processed a chunk for 2 members in guild ID 1394070193021649027.
[2025-07-13 18:10:45] [DEBUG   ] discord.client: Dispatching event guild_available
[2025-07-13 18:10:45] [DEBUG   ] discord.client: Dispatching event ready
[2025-07-13 18:10:56] [DEBUG   ] discord.gateway: For Shard ID None: WebSocket Event: {'t': 'TYPING_START', 's': 4, 'op': 0, 'd': {'user_id': '876561372354318396', 'timestamp': 1752448256, 'member': {'user': {'username': 'jaydenpoopy', 'public_flags': 64, 'primary_guild': None, 'id': '876561372354318396', 'global_name': 'Jayden', 'display_name': 'Jayden', 'discriminator': '0', 'collectibles': None, 'bot': False, 'avatar_decoration_data': None, 'avatar': 'b00837b7231b2b6bad16216f95d385d9'}, 'roles': [], 'premium_since': None, 'pending': False, 'nick': None, 'mute': False, 'joined_at': '2025-07-13T21:37:14.607000+00:00', 'flags': 0, 'deaf': False, 'communication_disabled_until': None, 'banner': None, 'avatar': None}, 'channel_id': '1394070193478570055', 'guild_id': '1394070193021649027'}}
[2025-07-13 18:10:56] [DEBUG   ] discord.client: Dispatching event socket_event_type
[2025-07-13 18:10:56] [DEBUG   ] discord.client: Dispatching event typing
[2025-07-13 18:10:56] [DEBUG   ] discord.client: Dispatching event raw_typing
[2025-07-13 18:10:58] [DEBUG   ] discord.gateway: For Shard ID None: WebSocket Event: {'t': 'MESSAGE_CREATE', 's': 5, 'op': 0, 'd': {'type': 0, 'tts': False, 'timestamp': '2025-07-13T23:10:58.680000+00:00', 'pinned': False, 'nonce': '1394093781082439680', 'mentions': [], 'mention_roles': [], 'mention_everyone': False, 'member': {'roles': [], 'premium_since': None, 'pending': False, 'nick': None, 'mute': False, 'joined_at': '2025-07-13T21:37:14.607000+00:00', 'flags': 0, 'deaf': False, 'communication_disabled_until': None, 'banner': None, 'avatar': None}, 'id': '1394093782173225070', 'flags': 0, 'embeds': [], 'edited_timestamp': None, 'content': '!work start', 'components': [], 'channel_type': 0, 'channel_id': '1394070193478570055', 'author': {'username': 'jaydenpoopy', 'public_flags': 64, 'primary_guild': None, 'id': '876561372354318396', 'global_name': 'Jayden', 'display_name_styles': None, 'discriminator': '0', 'collectibles': None, 'clan': None, 'avatar_decoration_data': None, 'avatar': 'b00837b7231b2b6bad16216f95d385d9'}, 'attachments': [], 'guild_id': '1394070193021649027'}}
[2025-07-13 18:10:58] [DEBUG   ] discord.client: Dispatching event socket_event_type
[2025-07-13 18:10:58] [DEBUG   ] discord.client: Dispatching event message
[2025-07-13 18:10:58] [DEBUG   ] discord.client: Dispatching event command
[2025-07-13 18:10:58] [DEBUG   ] discord.http: POST https://discord.com/api/v10/channels/1394070193478570055/messages with {"embeds":[{"flags":0,"color":14189554,"type":"rich","description":"<@876561372354318396> started a work session! you guys should join too :3 \nuse `!work end` to end the session\nuse `!checktime` to see how much you've been working","title":"started working"}],"content":null,"components":[],"nonce":"13515436559542820299","enforce_nonce":true,"tts":false} has returned 200
[2025-07-13 18:10:58] [DEBUG   ] discord.http: POST /channels/{channel_id}/messages has found its initial rate limit bucket hash (3df15bae86f6647dd4dfcbd5c6949480).
[2025-07-13 18:10:58] [DEBUG   ] discord.http: POST https://discord.com/api/v10/channels/1394070193478570055/messages has received {'type': 0, 'content': '', 'mentions': [], 'mention_roles': [], 'attachments': [], 'embeds': [{'type': 'rich', 'title': 'started working', 'description': "<@876561372354318396> started a work session! you guys should join too :3 \nuse `!work end` to end the session\nuse `!checktime` to see how much you've been working", 'color': 14189554, 'content_scan_version': 0}], 'timestamp': '2025-07-13T23:10:58.882000+00:00', 'edited_timestamp': None, 'flags': 0, 'components': [], 'id': '1394093783020474431', 'channel_id': '1394070193478570055', 'author': {'id': '1392892093902360626', 'username': 'bjhuygfrde56f7gyhu', 'avatar': None, 'discriminator': '2114', 'public_flags': 0, 'flags': 0, 'bot': True, 'banner': None, 'accent_color': None, 'global_name': None, 'avatar_decoration_data': None, 'collectibles': None, 'display_name_styles': None, 'banner_color': None, 'clan': None, 'primary_guild': None}, 'pinned': False, 'mention_everyone': False, 'tts': False, 'nonce': '13515436559542820299'}
[2025-07-13 18:10:58] [DEBUG   ] discord.client: Dispatching event command_completion
[2025-07-13 18:10:58] [DEBUG   ] discord.gateway: For Shard ID None: WebSocket Event: {'t': 'MESSAGE_CREATE', 's': 6, 'op': 0, 'd': {'type': 0, 'tts': False, 'timestamp': '2025-07-13T23:10:58.882000+00:00', 'pinned': False, 'nonce': '13515436559542820299', 'mentions': [], 'mention_roles': [], 'mention_everyone': False, 'member': {'roles': ['1394079072933515295'], 'premium_since': None, 'pending': False, 'nick': None, 'mute': False, 'joined_at': '2025-07-13T22:12:31.769718+00:00', 'flags': 0, 'deaf': False, 'communication_disabled_until': None, 'banner': None, 'avatar': None}, 'id': '1394093783020474431', 'flags': 0, 'embeds': [{'type': 'rich', 'title': 'started working', 'id': '1394093783020474432', 'description': "<@876561372354318396> started a work session! you guys should join too :3 \nuse `!work end` to end the session\nuse `!checktime` to see how much you've been working", 'content_scan_version': 0, 'color': 14189554}], 'edited_timestamp': None, 'content': '', 'components': [], 'channel_type': 0, 'channel_id': '1394070193478570055', 'author': {'username': 'bjhuygfrde56f7gyhu', 'public_flags': 0, 'primary_guild': None, 'id': '1392892093902360626', 'global_name': None, 'display_name_styles': None, 'discriminator': '2114', 'collectibles': None, 'clan': None, 'bot': True, 'avatar_decoration_data': None, 'avatar': None}, 'attachments': [], 'guild_id': '1394070193021649027'}}
[2025-07-13 18:10:58] [DEBUG   ] discord.client: Dispatching event socket_event_type
[2025-07-13 18:10:58] [DEBUG   ] discord.client: Dispatching event message
[2025-07-13 18:11:02] [DEBUG   ] discord.gateway: For Shard ID None: WebSocket Event: {'t': 'TYPING_START', 's': 7, 'op': 0, 'd': {'user_id': '876561372354318396', 'timestamp': 1752448262, 'member': {'user': {'username': 'jaydenpoopy', 'public_flags': 64, 'primary_guild': None, 'id': '876561372354318396', 'global_name': 'Jayden', 'display_name': 'Jayden', 'discriminator': '0', 'collectibles': None, 'bot': False, 'avatar_decoration_data': None, 'avatar': 'b00837b7231b2b6bad16216f95d385d9'}, 'roles': [], 'premium_since': None, 'pending': False, 'nick': None, 'mute': False, 'joined_at': '2025-07-13T21:37:14.607000+00:00', 'flags': 0, 'deaf': False, 'communication_disabled_until': None, 'banner': None, 'avatar': None}, 'channel_id': '1394070193478570055', 'guild_id': '1394070193021649027'}}
[2025-07-13 18:11:02] [DEBUG   ] discord.client: Dispatching event socket_event_type
[2025-07-13 18:11:02] [DEBUG   ] discord.client: Dispatching event typing
[2025-07-13 18:11:02] [DEBUG   ] discord.client: Dispatching event raw_typing
[2025-07-13 18:11:12] [DEBUG   ] discord.gateway: For Shard ID None: WebSocket Event: {'t': 'MESSAGE_CREATE', 's': 8, 'op': 0, 'd': {'type': 0, 'tts': False, 'timestamp': '2025-07-13T23:11:12.049000+00:00', 'pinned': False, 'nonce': '1394093837458079744', 'mentions': [], 'mention_roles': [], 'mention_everyone': False, 'member': {'roles': [], 'premium_since': None, 'pending': False, 'nick': None, 'mute': False, 'joined_at': '2025-07-13T21:37:14.607000+00:00', 'flags': 0, 'deaf': False, 'communication_disabled_until': None, 'banner': None, 'avatar': None}, 'id': '1394093838246613024', 'flags': 0, 'embeds': [], 'edited_timestamp': None, 'content': '!admin forcestop 876561372354318396', 'components': [], 'channel_type': 0, 'channel_id': '1394070193478570055', 'author': {'username': 'jaydenpoopy', 'public_flags': 64, 'primary_guild': None, 'id': '876561372354318396', 'global_name': 'Jayden', 'display_name_styles': None, 'discriminator': '0', 'collectibles': None, 'clan': None, 'avatar_decoration_data': None, 'avatar': 'b00837b7231b2b6bad16216f95d385d9'}, 'attachments': [], 'guild_id': '1394070193021649027'}}
[2025-07-13 18:11:12] [DEBUG   ] discord.client: Dispatching event socket_event_type
[2025-07-13 18:11:12] [DEBUG   ] discord.client: Dispatching event message
[2025-07-13 18:11:12] [DEBUG   ] discord.client: Dispatching event command
[2025-07-13 18:11:12] [DEBUG   ] discord.client: Dispatching event command_error
[2025-07-13 18:11:12] [ERROR   ] discord.ext.commands.bot: Ignoring exception in command admin
Traceback (most recent call last):
  File "C:\Users\jayde\OneDrive\Documents\lockinbot\.venv\Lib\site-packages\discord\ext\commands\core.py", line 235, in wrapped
    ret = await coro(*args, **kwargs)
          ^^^^^^^^^^^^^^^^^^^^^^^^^^^
  File "c:\Users\jayde\OneDrive\Documents\lockinbot\main.py", line 195, in admin
    if not int(ctx.author.id) == 876561372354318396:
               ^^^^^^^^^^^^^^^
TypeError: int() argument must be a string, a bytes-like object or a real number, not 'NoneType'

The above exception was the direct cause of the following exception:

Traceback (most recent call last):
  File "C:\Users\jayde\OneDrive\Documents\lockinbot\.venv\Lib\site-packages\discord\ext\commands\bot.py", line 1366, in invoke
    await ctx.command.invoke(ctx)
  File "C:\Users\jayde\OneDrive\Documents\lockinbot\.venv\Lib\site-packages\discord\ext\commands\core.py", line 1029, in invoke
    await injected(*ctx.args, **ctx.kwargs)  # type: ignore
    ^^^^^^^^^^^^^^^^^^^^^^^^^^^^^^^^^^^^^^^
  File "C:\Users\jayde\OneDrive\Documents\lockinbot\.venv\Lib\site-packages\discord\ext\commands\core.py", line 244, in wrapped
    raise CommandInvokeError(exc) from exc
discord.ext.commands.errors.CommandInvokeError: Command raised an exception: TypeError: int() argument must be a string, a bytes-like object or a real number, not 'NoneType'
[2025-07-13 18:11:13] [DEBUG   ] discord.gateway: For Shard ID None: WebSocket Event: {'t': 'MESSAGE_CREATE', 's': 9, 'op': 0, 'd': {'type': 0, 'tts': False, 'timestamp': '2025-07-13T23:11:13.604000+00:00', 'pinned': False, 'nonce': '1394093843904724992', 'mentions': [], 'mention_roles': [], 'mention_everyone': False, 'member': {'roles': [], 'premium_since': None, 'pending': False, 'nick': None, 'mute': False, 'joined_at': '2025-07-13T21:37:14.607000+00:00', 'flags': 0, 'deaf': False, 'communication_disabled_until': None, 'banner': None, 'avatar': None}, 'id': '1394093844768882778', 'flags': 0, 'embeds': [], 'edited_timestamp': None, 'content': '!admin forcestop 876561372354318396', 'components': [], 'channel_type': 0, 'channel_id': '1394070193478570055', 'author': {'username': 'jaydenpoopy', 'public_flags': 64, 'primary_guild': None, 'id': '876561372354318396', 'global_name': 'Jayden', 'display_name_styles': None, 'discriminator': '0', 'collectibles': None, 'clan': None, 'avatar_decoration_data': None, 'avatar': 'b00837b7231b2b6bad16216f95d385d9'}, 'attachments': [], 'guild_id': '1394070193021649027'}}
[2025-07-13 18:11:13] [DEBUG   ] discord.client: Dispatching event socket_event_type
[2025-07-13 18:11:13] [DEBUG   ] discord.client: Dispatching event message
[2025-07-13 18:11:13] [DEBUG   ] discord.client: Dispatching event command
[2025-07-13 18:11:13] [DEBUG   ] discord.client: Dispatching event command_error
[2025-07-13 18:11:13] [ERROR   ] discord.ext.commands.bot: Ignoring exception in command admin
Traceback (most recent call last):
  File "C:\Users\jayde\OneDrive\Documents\lockinbot\.venv\Lib\site-packages\discord\ext\commands\core.py", line 235, in wrapped
    ret = await coro(*args, **kwargs)
          ^^^^^^^^^^^^^^^^^^^^^^^^^^^
  File "c:\Users\jayde\OneDrive\Documents\lockinbot\main.py", line 195, in admin
    if not int(ctx.author.id) == 876561372354318396:
               ^^^^^^^^^^^^^^^
TypeError: int() argument must be a string, a bytes-like object or a real number, not 'NoneType'

The above exception was the direct cause of the following exception:

Traceback (most recent call last):
  File "C:\Users\jayde\OneDrive\Documents\lockinbot\.venv\Lib\site-packages\discord\ext\commands\bot.py", line 1366, in invoke
    await ctx.command.invoke(ctx)
  File "C:\Users\jayde\OneDrive\Documents\lockinbot\.venv\Lib\site-packages\discord\ext\commands\core.py", line 1029, in invoke
    await injected(*ctx.args, **ctx.kwargs)  # type: ignore
    ^^^^^^^^^^^^^^^^^^^^^^^^^^^^^^^^^^^^^^^
  File "C:\Users\jayde\OneDrive\Documents\lockinbot\.venv\Lib\site-packages\discord\ext\commands\core.py", line 244, in wrapped
    raise CommandInvokeError(exc) from exc
discord.ext.commands.errors.CommandInvokeError: Command raised an exception: TypeError: int() argument must be a string, a bytes-like object or a real number, not 'NoneType'
[2025-07-13 18:11:14] [DEBUG   ] discord.gateway: For Shard ID None: WebSocket Event: {'t': 'MESSAGE_CREATE', 's': 10, 'op': 0, 'd': {'type': 0, 'tts': False, 'timestamp': '2025-07-13T23:11:14.784000+00:00', 'pinned': False, 'nonce': '1394093848744951808', 'mentions': [], 'mention_roles': [], 'mention_everyone': False, 'member': {'roles': [], 'premium_since': None, 'pending': False, 'nick': None, 'mute': False, 'joined_at': '2025-07-13T21:37:14.607000+00:00', 'flags': 0, 'deaf': False, 'communication_disabled_until': None, 'banner': None, 'avatar': None}, 'id': '1394093849718292490', 'flags': 0, 'embeds': [], 'edited_timestamp': None, 'content': '!admin forcestop 876561372354318396 1', 'components': [], 'channel_type': 0, 'channel_id': '1394070193478570055', 'author': {'username': 'jaydenpoopy', 'public_flags': 64, 'primary_guild': None, 'id': '876561372354318396', 'global_name': 'Jayden', 'display_name_styles': None, 'discriminator': '0', 'collectibles': None, 'clan': None, 'avatar_decoration_data': None, 'avatar': 'b00837b7231b2b6bad16216f95d385d9'}, 'attachments': [], 'guild_id': '1394070193021649027'}}
[2025-07-13 18:11:14] [DEBUG   ] discord.client: Dispatching event socket_event_type
[2025-07-13 18:11:14] [DEBUG   ] discord.client: Dispatching event message
[2025-07-13 18:11:14] [DEBUG   ] discord.client: Dispatching event command
[2025-07-13 18:11:15] [DEBUG   ] discord.gateway: For Shard ID None: WebSocket Event: {'t': 'MESSAGE_CREATE', 's': 11, 'op': 0, 'd': {'type': 0, 'tts': False, 'timestamp': '2025-07-13T23:11:15.011000+00:00', 'pinned': False, 'nonce': '5049816134399432907', 'mentions': [], 'mention_roles': [], 'mention_everyone': False, 'member': {'roles': ['1394079072933515295'], 'premium_since': None, 'pending': False, 'nick': None, 'mute': False, 'joined_at': '2025-07-13T22:12:31.769718+00:00', 'flags': 0, 'deaf': False, 'communication_disabled_until': None, 'banner': None, 'avatar': None}, 'id': '1394093850670268538', 'flags': 0, 'embeds': [{'type': 'rich', 'title': 'FORCEFULLY STOPPED!', 'id': '1394093850670268539', 'description': '<@876561372354318396> was forcefully stopped\n\nthis person faked worked for 0 hours, 0 minutes, and 16 seconds!!!\n\nno cheating >:(', 'content_scan_version': 0, 'color': 16711680}], 'edited_timestamp': None, 'content': '', 'components': [], 'channel_type': 0, 'channel_id': '1394070193478570055', 'author': {'username': 'bjhuygfrde56f7gyhu', 'public_flags': 0, 'primary_guild': None, 'id': '1392892093902360626', 'global_name': None, 'display_name_styles': None, 'discriminator': '2114', 'collectibles': None, 'clan': None, 'bot': True, 'avatar_decoration_data': None, 'avatar': None}, 'attachments': [], 'guild_id': '1394070193021649027'}}
[2025-07-13 18:11:15] [DEBUG   ] discord.client: Dispatching event socket_event_type
[2025-07-13 18:11:15] [DEBUG   ] discord.client: Dispatching event message
[2025-07-13 18:11:15] [DEBUG   ] discord.http: POST https://discord.com/api/v10/channels/1394070193478570055/messages with {"embeds":[{"flags":0,"color":16711680,"type":"rich","description":"<@876561372354318396> was forcefully stopped\n\nthis person faked worked for 0 hours, 0 minutes, and 16 seconds!!!\n\nno cheating >:(","title":"FORCEFULLY STOPPED!"}],"content":null,"components":[],"nonce":"5049816134399432907","enforce_nonce":true,"tts":false} has returned 200
[2025-07-13 18:11:15] [DEBUG   ] discord.http: POST https://discord.com/api/v10/channels/1394070193478570055/messages has received {'type': 0, 'content': '', 'mentions': [], 'mention_roles': [], 'attachments': [], 'embeds': [{'type': 'rich', 'title': 'FORCEFULLY STOPPED!', 'description': '<@876561372354318396> was forcefully stopped\n\nthis person faked worked for 0 hours, 0 minutes, and 16 seconds!!!\n\nno cheating >:(', 'color': 16711680, 'content_scan_version': 0}], 'timestamp': '2025-07-13T23:11:15.011000+00:00', 'edited_timestamp': None, 'flags': 0, 'components': [], 'id': '1394093850670268538', 'channel_id': '1394070193478570055', 'author': {'id': '1392892093902360626', 'username': 'bjhuygfrde56f7gyhu', 'avatar': None, 'discriminator': '2114', 'public_flags': 0, 'flags': 0, 'bot': True, 'banner': None, 'accent_color': None, 'global_name': None, 'avatar_decoration_data': None, 'collectibles': None, 'display_name_styles': None, 'banner_color': None, 'clan': None, 'primary_guild': None}, 'pinned': False, 'mention_everyone': False, 'tts': False, 'nonce': '5049816134399432907'}
[2025-07-13 18:11:15] [DEBUG   ] discord.client: Dispatching event command_completion
[2025-07-13 18:11:17] [DEBUG   ] discord.gateway: For Shard ID None: WebSocket Event: {'t': 'TYPING_START', 's': 12, 'op': 0, 'd': {'user_id': '876561372354318396', 'timestamp': 1752448277, 'member': {'user': {'username': 'jaydenpoopy', 'public_flags': 64, 'primary_guild': None, 'id': '876561372354318396', 'global_name': 'Jayden', 'display_name': 'Jayden', 'discriminator': '0', 'collectibles': None, 'bot': False, 'avatar_decoration_data': None, 'avatar': 'b00837b7231b2b6bad16216f95d385d9'}, 'roles': [], 'premium_since': None, 'pending': False, 'nick': None, 'mute': False, 'joined_at': '2025-07-13T21:37:14.607000+00:00', 'flags': 0, 'deaf': False, 'communication_disabled_until': None, 'banner': None, 'avatar': None}, 'channel_id': '1394070193478570055', 'guild_id': '1394070193021649027'}}
[2025-07-13 18:11:17] [DEBUG   ] discord.client: Dispatching event socket_event_type
[2025-07-13 18:11:17] [DEBUG   ] discord.client: Dispatching event typing
[2025-07-13 18:11:17] [DEBUG   ] discord.client: Dispatching event raw_typing
[2025-07-13 18:11:18] [DEBUG   ] discord.gateway: For Shard ID None: WebSocket Event: {'t': 'MESSAGE_CREATE', 's': 13, 'op': 0, 'd': {'type': 0, 'tts': False, 'timestamp': '2025-07-13T23:11:18.228000+00:00', 'pinned': False, 'nonce': '1394093863097860096', 'mentions': [], 'mention_roles': [], 'mention_everyone': False, 'member': {'roles': [], 'premium_since': None, 'pending': False, 'nick': None, 'mute': False, 'joined_at': '2025-07-13T21:37:14.607000+00:00', 'flags': 0, 'deaf': False, 'communication_disabled_until': None, 'banner': None, 'avatar': None}, 'id': '1394093864163475496', 'flags': 0, 'embeds': [], 'edited_timestamp': None, 'content': 'ok im done', 'components': [], 'channel_type': 0, 'channel_id': '1394070193478570055', 'author': {'username': 'jaydenpoopy', 'public_flags': 64, 'primary_guild': None, 'id': '876561372354318396', 'global_name': 'Jayden', 'display_name_styles': None, 'discriminator': '0', 'collectibles': None, 'clan': None, 'avatar_decoration_data': None, 'avatar': 'b00837b7231b2b6bad16216f95d385d9'}, 'attachments': [], 'guild_id': '1394070193021649027'}}
[2025-07-13 18:11:18] [DEBUG   ] discord.client: Dispatching event socket_event_type
[2025-07-13 18:11:18] [DEBUG   ] discord.client: Dispatching event message
[2025-07-13 18:11:24] [DEBUG   ] discord.gateway: Keeping shard ID None websocket alive with sequence 13.
[2025-07-13 18:11:24] [DEBUG   ] discord.gateway: For Shard ID None: WebSocket Event: {'t': None, 's': None, 'op': 11, 'd': None}
[2025-07-13 18:12:05] [DEBUG   ] discord.gateway: Keeping shard ID None websocket alive with sequence 13.
[2025-07-13 18:12:05] [DEBUG   ] discord.gateway: For Shard ID None: WebSocket Event: {'t': None, 's': None, 'op': 11, 'd': None}
[2025-07-13 18:12:47] [DEBUG   ] discord.gateway: Keeping shard ID None websocket alive with sequence 13.
[2025-07-13 18:12:47] [DEBUG   ] discord.gateway: For Shard ID None: WebSocket Event: {'t': None, 's': None, 'op': 11, 'd': None}
[2025-07-13 18:13:28] [DEBUG   ] discord.gateway: Keeping shard ID None websocket alive with sequence 13.
[2025-07-13 18:13:28] [DEBUG   ] discord.gateway: For Shard ID None: WebSocket Event: {'t': None, 's': None, 'op': 11, 'd': None}
